<?xml version="1.0" encoding="UTF-8"?>
<testng-results retried="1" ignored="1" total="5" passed="2" failed="1" skipped="0">
  <reporter-output>
  </reporter-output>
  <suite started-at="2024-05-06T13:33:29 CEST" name="Suite" finished-at="2024-05-06T13:33:45 CEST" duration-ms="15961">
    <groups>
    </groups>
    <test started-at="2024-05-06T13:33:29 CEST" name="Submit Order Test" finished-at="2024-05-06T13:33:42 CEST" duration-ms="12521">
      <class name="timberworld.tests.SubmitOrderTest">
        <test-method is-config="true" signature="launchApplication()[pri:0, instance:timberworld.tests.SubmitOrderTest@65f8f5ae]" started-at="2024-05-06T13:33:30 CEST" name="launchApplication" finished-at="2024-05-06T13:33:31 CEST" duration-ms="1860" status="PASS">
          <reporter-output>
          </reporter-output>
        </test-method> <!-- launchApplication -->
        <test-method signature="submitOrder(java.util.HashMap)[pri:0, instance:timberworld.tests.SubmitOrderTest@65f8f5ae]" started-at="2024-05-06T13:33:31 CEST" name="submitOrder" data-provider="getData" finished-at="2024-05-06T13:33:33 CEST" duration-ms="1727" status="PASS">
          <params>
            <param index="0">
              <value>
                <![CDATA[{password=Abcd1234, cvv=111, name=berna, expd=01/28, credit=44444, email=bernagokcebilge@gmail.com, productName=Sofa Vissle}]]>
              </value>
            </param>
          </params>
          <reporter-output>
          </reporter-output>
        </test-method> <!-- submitOrder -->
        <test-method is-config="true" signature="tearDown()[pri:0, instance:timberworld.tests.SubmitOrderTest@65f8f5ae]" started-at="2024-05-06T13:33:33 CEST" name="tearDown" finished-at="2024-05-06T13:33:33 CEST" duration-ms="154" status="PASS">
          <reporter-output>
          </reporter-output>
        </test-method> <!-- tearDown -->
        <test-method is-config="true" signature="launchApplication()[pri:0, instance:timberworld.tests.SubmitOrderTest@65f8f5ae]" started-at="2024-05-06T13:33:33 CEST" name="launchApplication" finished-at="2024-05-06T13:33:35 CEST" duration-ms="1570" status="PASS">
          <reporter-output>
          </reporter-output>
        </test-method> <!-- launchApplication -->
        <test-method retried="true" signature="submitOrder(java.util.HashMap)[pri:0, instance:timberworld.tests.SubmitOrderTest@65f8f5ae]" started-at="2024-05-06T13:33:35 CEST" name="submitOrder" data-provider="getData" finished-at="2024-05-06T13:33:36 CEST" duration-ms="916" status="SKIP">
          <params>
            <param index="0">
              <value>
                <![CDATA[{password=Abcd1234, cvv=111, name=berna, expd=01/28, credit=44444, email=bernagokcebilge@gmail.com, productName=Double Sofa}]]>
              </value>
            </param>
          </params>
          <exception class="java.lang.NullPointerException">
            <message>
              <![CDATA[Cannot invoke "org.openqa.selenium.WebElement.click()" because "prod" is null]]>
            </message>
            <full-stacktrace>
              <![CDATA[java.lang.NullPointerException: Cannot invoke "org.openqa.selenium.WebElement.click()" because "prod" is null
at PageObjects.ShoppingPage.goToProductPage(ShoppingPage.java:49)
at timberworld.tests.SubmitOrderTest.submitOrder(SubmitOrderTest.java:38)
at java.base/jdk.internal.reflect.DirectMethodHandleAccessor.invoke(DirectMethodHandleAccessor.java:103)
at java.base/java.lang.reflect.Method.invoke(Method.java:580)
at org.testng.internal.invokers.MethodInvocationHelper.invokeMethod(MethodInvocationHelper.java:141)
at org.testng.internal.invokers.TestInvoker.invokeMethod(TestInvoker.java:686)
at org.testng.internal.invokers.TestInvoker.invokeTestMethod(TestInvoker.java:230)
at org.testng.internal.invokers.MethodRunner.runInSequence(MethodRunner.java:63)
at org.testng.internal.invokers.TestInvoker$MethodInvocationAgent.invoke(TestInvoker.java:992)
at org.testng.internal.invokers.TestInvoker.invokeTestMethods(TestInvoker.java:203)
at org.testng.internal.invokers.TestMethodWorker.invokeTestMethods(TestMethodWorker.java:154)
at org.testng.internal.invokers.TestMethodWorker.run(TestMethodWorker.java:134)
at java.base/java.util.ArrayList.forEach(ArrayList.java:1596)
at org.testng.TestRunner.privateRun(TestRunner.java:739)
at org.testng.TestRunner.run(TestRunner.java:614)
at org.testng.SuiteRunner.runTest(SuiteRunner.java:421)
at org.testng.SuiteRunner.runSequentially(SuiteRunner.java:413)
at org.testng.SuiteRunner.privateRun(SuiteRunner.java:373)
at org.testng.SuiteRunner.run(SuiteRunner.java:312)
at org.testng.SuiteRunnerWorker.runSuite(SuiteRunnerWorker.java:52)
at org.testng.SuiteRunnerWorker.run(SuiteRunnerWorker.java:95)
at org.testng.TestNG.runSuitesSequentially(TestNG.java:1274)
at org.testng.TestNG.runSuitesLocally(TestNG.java:1208)
at org.testng.TestNG.runSuites(TestNG.java:1112)
at org.testng.TestNG.run(TestNG.java:1079)
at org.apache.maven.surefire.testng.TestNGExecutor.run(TestNGExecutor.java:308)
at org.apache.maven.surefire.testng.TestNGXmlTestSuite.execute(TestNGXmlTestSuite.java:71)
at org.apache.maven.surefire.testng.TestNGProvider.invoke(TestNGProvider.java:113)
at org.apache.maven.surefire.booter.ForkedBooter.runSuitesInProcess(ForkedBooter.java:385)
at org.apache.maven.surefire.booter.ForkedBooter.execute(ForkedBooter.java:162)
at org.apache.maven.surefire.booter.ForkedBooter.run(ForkedBooter.java:507)
at org.apache.maven.surefire.booter.ForkedBooter.main(ForkedBooter.java:495)
]]>
            </full-stacktrace>
          </exception> <!-- java.lang.NullPointerException -->
          <reporter-output>
          </reporter-output>
        </test-method> <!-- submitOrder -->
        <test-method is-config="true" signature="tearDown()[pri:0, instance:timberworld.tests.SubmitOrderTest@65f8f5ae]" started-at="2024-05-06T13:33:36 CEST" name="tearDown" finished-at="2024-05-06T13:33:36 CEST" duration-ms="102" status="PASS">
          <reporter-output>
          </reporter-output>
        </test-method> <!-- tearDown -->
        <test-method is-config="true" signature="launchApplication()[pri:0, instance:timberworld.tests.SubmitOrderTest@65f8f5ae]" started-at="2024-05-06T13:33:36 CEST" name="launchApplication" finished-at="2024-05-06T13:33:40 CEST" duration-ms="4540" status="PASS">
          <reporter-output>
          </reporter-output>
        </test-method> <!-- launchApplication -->
        <test-method signature="submitOrder(java.util.HashMap)[pri:0, instance:timberworld.tests.SubmitOrderTest@65f8f5ae]" started-at="2024-05-06T13:33:40 CEST" name="submitOrder" data-provider="getData" finished-at="2024-05-06T13:33:41 CEST" duration-ms="1087" status="FAIL">
          <params>
            <param index="0">
              <value>
                <![CDATA[{password=Abcd1234, cvv=111, name=berna, expd=01/28, credit=44444, email=bernagokcebilge@gmail.com, productName=Double Sofa}]]>
              </value>
            </param>
          </params>
          <exception class="java.lang.NullPointerException">
            <message>
              <![CDATA[Cannot invoke "org.openqa.selenium.WebElement.click()" because "prod" is null]]>
            </message>
            <full-stacktrace>
              <![CDATA[java.lang.NullPointerException: Cannot invoke "org.openqa.selenium.WebElement.click()" because "prod" is null
at PageObjects.ShoppingPage.goToProductPage(ShoppingPage.java:49)
at timberworld.tests.SubmitOrderTest.submitOrder(SubmitOrderTest.java:38)
at java.base/jdk.internal.reflect.DirectMethodHandleAccessor.invoke(DirectMethodHandleAccessor.java:103)
at java.base/java.lang.reflect.Method.invoke(Method.java:580)
at org.testng.internal.invokers.MethodInvocationHelper.invokeMethod(MethodInvocationHelper.java:141)
at org.testng.internal.invokers.TestInvoker.invokeMethod(TestInvoker.java:686)
at org.testng.internal.invokers.TestInvoker.retryFailed(TestInvoker.java:269)
at org.testng.internal.invokers.MethodRunner.runInSequence(MethodRunner.java:76)
at org.testng.internal.invokers.TestInvoker$MethodInvocationAgent.invoke(TestInvoker.java:992)
at org.testng.internal.invokers.TestInvoker.invokeTestMethods(TestInvoker.java:203)
at org.testng.internal.invokers.TestMethodWorker.invokeTestMethods(TestMethodWorker.java:154)
at org.testng.internal.invokers.TestMethodWorker.run(TestMethodWorker.java:134)
at java.base/java.util.ArrayList.forEach(ArrayList.java:1596)
at org.testng.TestRunner.privateRun(TestRunner.java:739)
at org.testng.TestRunner.run(TestRunner.java:614)
at org.testng.SuiteRunner.runTest(SuiteRunner.java:421)
at org.testng.SuiteRunner.runSequentially(SuiteRunner.java:413)
at org.testng.SuiteRunner.privateRun(SuiteRunner.java:373)
at org.testng.SuiteRunner.run(SuiteRunner.java:312)
at org.testng.SuiteRunnerWorker.runSuite(SuiteRunnerWorker.java:52)
at org.testng.SuiteRunnerWorker.run(SuiteRunnerWorker.java:95)
at org.testng.TestNG.runSuitesSequentially(TestNG.java:1274)
at org.testng.TestNG.runSuitesLocally(TestNG.java:1208)
at org.testng.TestNG.runSuites(TestNG.java:1112)
at org.testng.TestNG.run(TestNG.java:1079)
at org.apache.maven.surefire.testng.TestNGExecutor.run(TestNGExecutor.java:308)
at org.apache.maven.surefire.testng.TestNGXmlTestSuite.execute(TestNGXmlTestSuite.java:71)
at org.apache.maven.surefire.testng.TestNGProvider.invoke(TestNGProvider.java:113)
at org.apache.maven.surefire.booter.ForkedBooter.runSuitesInProcess(ForkedBooter.java:385)
at org.apache.maven.surefire.booter.ForkedBooter.execute(ForkedBooter.java:162)
at org.apache.maven.surefire.booter.ForkedBooter.run(ForkedBooter.java:507)
at org.apache.maven.surefire.booter.ForkedBooter.main(ForkedBooter.java:495)
]]>
            </full-stacktrace>
          </exception> <!-- java.lang.NullPointerException -->
          <reporter-output>
          </reporter-output>
        </test-method> <!-- submitOrder -->
        <test-method is-config="true" signature="tearDown()[pri:0, instance:timberworld.tests.SubmitOrderTest@65f8f5ae]" started-at="2024-05-06T13:33:42 CEST" name="tearDown" finished-at="2024-05-06T13:33:42 CEST" duration-ms="107" status="PASS">
          <reporter-output>
          </reporter-output>
        </test-method> <!-- tearDown -->
      </class> <!-- timberworld.tests.SubmitOrderTest -->
    </test> <!-- Submit Order Test -->
    <test started-at="2024-05-06T13:33:43 CEST" name="Error Validation Test" finished-at="2024-05-06T13:33:45 CEST" duration-ms="2573">
      <class name="timberworld.tests.ErrorValidationTest">
        <test-method is-config="true" signature="launchApplication()[pri:0, instance:timberworld.tests.ErrorValidationTest@29f7cefd]" started-at="2024-05-06T13:33:43 CEST" name="launchApplication" finished-at="2024-05-06T13:33:44 CEST" duration-ms="1686" status="PASS">
          <reporter-output>
          </reporter-output>
        </test-method> <!-- launchApplication -->
        <test-method signature="ErrorValidation()[pri:0, instance:timberworld.tests.ErrorValidationTest@29f7cefd]" started-at="2024-05-06T13:33:44 CEST" name="ErrorValidation" finished-at="2024-05-06T13:33:45 CEST" duration-ms="736" status="PASS">
          <reporter-output>
          </reporter-output>
        </test-method> <!-- ErrorValidation -->
        <test-method is-config="true" signature="tearDown()[pri:0, instance:timberworld.tests.ErrorValidationTest@29f7cefd]" started-at="2024-05-06T13:33:45 CEST" name="tearDown" finished-at="2024-05-06T13:33:45 CEST" duration-ms="142" status="PASS">
          <reporter-output>
          </reporter-output>
        </test-method> <!-- tearDown -->
      </class> <!-- timberworld.tests.ErrorValidationTest -->
    </test> <!-- Error Validation Test -->
  </suite> <!-- Suite -->
</testng-results>
